#
# There is insufficient memory for the Java Runtime Environment to continue.
# Native memory allocation (mmap) failed to map 266338304 bytes for Failed to commit area from 0x0000000703800000 to 0x0000000713600000 of length 266338304.
# Possible reasons:
#   The system is out of physical RAM or swap space
#   The process is running with CompressedOops enabled, and the Java Heap may be blocking the growth of the native heap
# Possible solutions:
#   Reduce memory load on the system
#   Increase physical memory or swap space
#   Check if swap backing store is full
#   Decrease Java heap size (-Xmx/-Xms)
#   Decrease number of Java threads
#   Decrease Java thread stack sizes (-Xss)
#   Set larger code cache with -XX:ReservedCodeCacheSize=
# This output file may be truncated or incomplete.
#
#  Out of Memory Error (./open/src/hotspot/os/windows/os_windows.cpp:3293), pid=18588, tid=21816
#
# JRE version:  (11.0.20+9) (build )
# Java VM: Java HotSpot(TM) 64-Bit Server VM (11.0.20+9-LTS-256, mixed mode, sharing, tiered, compressed oops, g1 gc, windows-amd64)
# No core dump will be written. Minidumps are not enabled by default on client versions of Windows
#

---------------  S U M M A R Y ------------

Command Line: -Dfile.encoding=windows-1252 -Dstdout.encoding=windows-1252 -Dstderr.encoding=windows-1252 javaautomation_01_corejava.Java_03_IF_Else

Host: Intel(R) Core(TM) i5-10210U CPU @ 1.60GHz, 8 cores, 15G,  Windows 11 , 64 bit Build 22621 (10.0.22621.3527)
Time: Mon May 20 11:55:20 2024 India Standard Time elapsed time: 0.067189 seconds (0d 0h 0m 0s)

---------------  T H R E A D  ---------------

Current thread (0x0000021ff0e10800):  JavaThread "Unknown thread" [_thread_in_vm, id=21816, stack(0x00000069e7100000,0x00000069e7200000)]

Stack: [0x00000069e7100000,0x00000069e7200000]
Native frames: (J=compiled Java code, j=interpreted, Vv=VM code, C=native code)
V  [jvm.dll+0x6602ba]
V  [jvm.dll+0x7a32af]
V  [jvm.dll+0x7a4979]
V  [jvm.dll+0x7a5013]
V  [jvm.dll+0x258ef5]
V  [jvm.dll+0x65d619]
V  [jvm.dll+0x652375]
V  [jvm.dll+0x31359d]
V  [jvm.dll+0x313402]
V  [jvm.dll+0x318036]
V  [jvm.dll+0x360130]
V  [jvm.dll+0x35fba2]
V  [jvm.dll+0x2eec28]
V  [jvm.dll+0x2efd35]
V  [jvm.dll+0x77c327]
V  [jvm.dll+0x77dc0f]
V  [jvm.dll+0x36d3d9]
V  [jvm.dll+0x760d0f]
V  [jvm.dll+0x3df467]
V  [jvm.dll+0x3e1511]
C  [jli.dll+0x52e7]
C  [ucrtbase.dll+0x29333]
C  [KERNEL32.DLL+0x1257d]
C  [ntdll.dll+0x5aa48]


---------------  P R O C E S S  ---------------

Threads class SMR info:
_java_thread_list=0x0000021ff0bbf690, length=0, elements={
}

Java Threads: ( => current thread )

Other Threads:
  0x0000021ff0e25000 GCTaskThread "GC Thread#0" [stack: 0x00000069e7200000,0x00000069e7300000] [id=26204]
  0x0000021ff0e81800 ConcurrentGCThread "G1 Main Marker" [stack: 0x00000069e7300000,0x00000069e7400000] [id=23104]
  0x0000021ff0e84000 ConcurrentGCThread "G1 Conc#0" [stack: 0x00000069e7400000,0x00000069e7500000] [id=24868]

[error occurred during error reporting (printing all threads), id 0xc0000005, EXCEPTION_ACCESS_VIOLATION (0xc0000005) at pc=0x00007ffe9215f6e7]

VM state:not at safepoint (not fully initialized)

VM Mutex/Monitor currently owned by a thread:  ([mutex/lock_event])
[0x0000021ff0e0c240] Heap_lock - owner thread: 0x0000021ff0e10800

Heap address: 0x0000000703800000, size: 4040 MB, Compressed Oops mode: Non-zero based: 0x0000000703800000
Narrow klass base: 0x0000000000000000, Narrow klass shift: 0

GC Heap History (0 events):
No events

Deoptimization events (0 events):
No events

Classes redefined (0 events):
No events

Internal exceptions (0 events):
No events

Events (0 events):
No events


Dynamic libraries:
0x00007ff73b300000 - 0x00007ff73b310000 	C:\Program Files\Java\jdk-11\bin\javaw.exe
0x00007ffed22b0000 - 0x00007ffed24c7000 	C:\WINDOWS\SYSTEM32\ntdll.dll
0x00007ffed1780000 - 0x00007ffed1844000 	C:\WINDOWS\System32\KERNEL32.DLL
0x00007ffecf930000 - 0x00007ffecfcd7000 	C:\WINDOWS\System32\KERNELBASE.dll
0x00007ffecfec0000 - 0x00007ffecffd1000 	C:\WINDOWS\System32\ucrtbase.dll
0x00007ffe92c30000 - 0x00007ffe92c49000 	C:\Program Files\Java\jdk-11\bin\jli.dll
0x00007ffed0ca0000 - 0x00007ffed0d52000 	C:\WINDOWS\System32\ADVAPI32.dll
0x00007ffed1570000 - 0x00007ffed1617000 	C:\WINDOWS\System32\msvcrt.dll
0x00007ffed0ae0000 - 0x00007ffed0b88000 	C:\WINDOWS\System32\sechost.dll
0x00007ffecfce0000 - 0x00007ffecfd08000 	C:\WINDOWS\System32\bcrypt.dll
0x00007ffed18e0000 - 0x00007ffed19f5000 	C:\WINDOWS\System32\RPCRT4.dll
0x00007ffed0290000 - 0x00007ffed043e000 	C:\WINDOWS\System32\USER32.dll
0x00007ffecf740000 - 0x00007ffecf766000 	C:\WINDOWS\System32\win32u.dll
0x00007ffed0200000 - 0x00007ffed0229000 	C:\WINDOWS\System32\GDI32.dll
0x00007ffe92c10000 - 0x00007ffe92c2b000 	C:\Program Files\Java\jdk-11\bin\VCRUNTIME140.dll
0x00007ffecf810000 - 0x00007ffecf929000 	C:\WINDOWS\System32\gdi32full.dll
0x00007ffecf770000 - 0x00007ffecf80a000 	C:\WINDOWS\System32\msvcp_win.dll
0x00007ffec2180000 - 0x00007ffec2413000 	C:\WINDOWS\WinSxS\amd64_microsoft.windows.common-controls_6595b64144ccf1df_6.0.22621.3527_none_270e469b73872a76\COMCTL32.dll
0x00007ffec3970000 - 0x00007ffec397a000 	C:\WINDOWS\SYSTEM32\VERSION.dll
0x00007ffed01c0000 - 0x00007ffed01f1000 	C:\WINDOWS\System32\IMM32.DLL
0x00007ffe92c00000 - 0x00007ffe92c0c000 	C:\Program Files\Java\jdk-11\bin\vcruntime140_1.dll
0x00007ffe92b40000 - 0x00007ffe92bce000 	C:\Program Files\Java\jdk-11\bin\msvcp140.dll
0x00007ffe91e60000 - 0x00007ffe929cd000 	C:\Program Files\Java\jdk-11\bin\server\jvm.dll
0x00007ffed1a00000 - 0x00007ffed1a08000 	C:\WINDOWS\System32\PSAPI.DLL
0x00007ffeb4f40000 - 0x00007ffeb4f49000 	C:\WINDOWS\SYSTEM32\WSOCK32.dll
0x00007ffed07f0000 - 0x00007ffed0861000 	C:\WINDOWS\System32\WS2_32.dll
0x00007ffec7cc0000 - 0x00007ffec7cf4000 	C:\WINDOWS\SYSTEM32\WINMM.dll
0x00007ffece5b0000 - 0x00007ffece5c8000 	C:\WINDOWS\SYSTEM32\kernel.appcore.dll
0x00007ffe912b0000 - 0x00007ffe912c0000 	C:\Program Files\Java\jdk-11\bin\verify.dll
0x00007ffeccdf0000 - 0x00007ffecd022000 	C:\WINDOWS\SYSTEM32\DBGHELP.DLL
0x00007ffed0440000 - 0x00007ffed07c8000 	C:\WINDOWS\System32\combase.dll
0x00007ffecffe0000 - 0x00007ffed00b7000 	C:\WINDOWS\System32\OLEAUT32.dll
0x00007ffe97440000 - 0x00007ffe97472000 	C:\WINDOWS\SYSTEM32\dbgcore.DLL
0x00007ffecfe40000 - 0x00007ffecfeb9000 	C:\WINDOWS\System32\bcryptPrimitives.dll
0x00007ffe90db0000 - 0x00007ffe90dd8000 	C:\Program Files\Java\jdk-11\bin\java.dll
0x00007ffe96f80000 - 0x00007ffe96f8a000 	C:\Program Files\Java\jdk-11\bin\jimage.dll
0x00007ffe8f1e0000 - 0x00007ffe8f1f7000 	C:\Program Files\Java\jdk-11\bin\zip.dll

dbghelp: loaded successfully - version: 4.0.5 - missing functions: none
symbol engine: initialized successfully - sym options: 0x614 - pdb path: .;C:\Program Files\Java\jdk-11\bin;C:\WINDOWS\SYSTEM32;C:\WINDOWS\WinSxS\amd64_microsoft.windows.common-controls_6595b64144ccf1df_6.0.22621.3527_none_270e469b73872a76;C:\Program Files\Java\jdk-11\bin\server

VM Arguments:
jvm_args: -Dfile.encoding=windows-1252 -Dstdout.encoding=windows-1252 -Dstderr.encoding=windows-1252 
java_command: javaautomation_01_corejava.Java_03_IF_Else
java_class_path (initial): D:\Study\eclipse-workspace\JavaAutomation\target\test-classes;D:\Study\eclipse-workspace\JavaAutomation\target\classes;C:\Users\91973\.m2\repository\org\apache\poi\poi-ooxml\5.2.5\poi-ooxml-5.2.5.jar;C:\Users\91973\.m2\repository\org\apache\axis2\axis2-adb\1.8.2\axis2-adb-1.8.2.jar;C:\Users\91973\.m2\repository\org\apache\axis2\axis2-kernel\1.8.2\axis2-kernel-1.8.2.jar;C:\Users\91973\.m2\repository\org\apache\ws\commons\axiom\axiom-api\1.4.0\axiom-api-1.4.0.jar;C:\Users\91973\.m2\repository\jaxen\jaxen\1.2.0\jaxen-1.2.0.jar;C:\Users\91973\.m2\repository\org\apache\james\apache-mime4j-core\0.8.6\apache-mime4j-core-0.8.6.jar;C:\Users\91973\.m2\repository\jakarta\activation\jakarta.activation-api\1.2.2\jakarta.activation-api-1.2.2.jar;C:\Users\91973\.m2\repository\org\apache\ws\commons\axiom\axiom-impl\1.4.0\axiom-impl-1.4.0.jar;C:\Users\91973\.m2\repository\org\apache\geronimo\specs\geronimo-ws-metadata_2.0_spec\1.1.3\geronimo-ws-metadata_2.0_spec-1.1.3.jar;C:\Users\91973\.m2\repository\javax\transaction\javax.transaction-api\1.3\javax.transaction-api-1.3.jar;C:\Users\91973\.m2\repository\javax\servlet\javax.servlet-api\3.1.0\javax.servlet-api-3.1.0.jar;C:\Users\91973\.m2\repository\commons-fileupload\commons-fileupload\1.4\commons-fileupload-1.4.jar;C:\Users\91973\.m2\repository\wsdl4j\wsdl4j\1.6.3\wsdl4j-1.6.3.jar;C:\Users\91973\.m2\repository\org\apache\ws\xmlschema\xmlschema-core\2.3.0\xmlschema-core-2.3.0.jar;C:\Users\91973\.m2\repository\org\apache\neethi\neethi\3.2.0\neethi-3.2.0.jar;C:\Users\91973\.m2\repository\org\apache\woden\woden-core\1.0M10\woden-core-1.0M10.jar;C:\Users\91973\.m2\repository\commons-logging\commons-logging\1.2\commons-logging-1.2.jar;C:\Users\91973\.m2\repository\javax\ws\rs\jsr311-api\1.1.1\jsr311-api-1.1.1.jar;C:\Users\91973\.m2\repository\org\apache\ws\commons\axiom\axiom-dom\1.4.0\axiom-dom-1.4.0.jar;C:\Users\91973\.m2\repository\com\fasterxml\woodstox\woodstox-core\6.2.8\woodstox-core-6.2.8.jar;C:\Users\
Launcher Type: SUN_STANDARD

[Global flags]
     intx CICompilerCount                          = 4                                         {product} {ergonomic}
     uint ConcGCThreads                            = 2                                         {product} {ergonomic}
     uint G1ConcRefinementThreads                  = 8                                         {product} {ergonomic}
   size_t G1HeapRegionSize                         = 1048576                                   {product} {ergonomic}
    uintx GCDrainStackTargetSize                   = 64                                        {product} {ergonomic}
   size_t InitialHeapSize                          = 266338304                                 {product} {ergonomic}
   size_t MarkStackSize                            = 4194304                                   {product} {ergonomic}
   size_t MaxHeapSize                              = 4236247040                                {product} {ergonomic}
   size_t MinHeapDeltaBytes                        = 1048576                                   {product} {ergonomic}
    uintx NonNMethodCodeHeapSize                   = 5836300                                {pd product} {ergonomic}
    uintx NonProfiledCodeHeapSize                  = 122910970                              {pd product} {ergonomic}
    uintx ProfiledCodeHeapSize                     = 122910970                              {pd product} {ergonomic}
    uintx ReservedCodeCacheSize                    = 251658240                              {pd product} {ergonomic}
     bool SegmentedCodeCache                       = true                                      {product} {ergonomic}
     bool UseCompressedClassPointers               = true                                 {lp64_product} {ergonomic}
     bool UseCompressedOops                        = true                                 {lp64_product} {ergonomic}
     bool UseG1GC                                  = true                                      {product} {ergonomic}
     bool UseLargePagesIndividualAllocation        = false                                  {pd product} {ergonomic}

Logging:
Log output configuration:
 #0: stdout all=warning uptime,level,tags
 #1: stderr all=off uptime,level,tags

Environment Variables:
JAVA_HOME=C:\Program Files\Java\jdk-11\
PATH=D:/Study/eclipse//plugins/org.eclipse.justj.openjdk.hotspot.jre.full.win32.x86_64_17.0.9.v20231028-0858/jre/bin/server;D:/Study/eclipse//plugins/org.eclipse.justj.openjdk.hotspot.jre.full.win32.x86_64_17.0.9.v20231028-0858/jre/bin;C:\Python312\Scripts\;C:\Python312\;C:\Program Files\Common Files\Oracle\Java\javapath;C:\Users\91973\AppData\Local\Microsoft\WindowsApps\;C:\Windows\system32;C:\Windows;C:\Windows\System32\Wbem;C:\Windows\System32\WindowsPowerShell\v1.0\;C:\Windows\System32\OpenSSH\;C:\Program Files\Git\cmd;C:\Program Files\Java\jdk-11\bin;C:\apache-maven-3.6.3\bin;C:\Python27;C:\Users\91973\AppData\Roaming\nvm;C:\Program Files\nodejs;C:\WINDOWS\system32;C:\WINDOWS;C:\WINDOWS\System32\Wbem;C:\WINDOWS\System32\WindowsPowerShell\v1.0\;C:\WINDOWS\System32\OpenSSH\;C:\Program Files\nodejs\;C:\ProgramData\chocolatey\bin;C:\Users\91973\AppData\Local\Android\Sdk\tools;C:\Users\91973\AppData\Local\Android\Sdk\platform-tools;D:\programs\AWSCLI\;C:\Program Files\MySQL\MySQL Shell 8.0\bin\;C:\Users\91973\AppData\Local\Programs\Python\Python39\Scripts\;C:\Users\91973\AppData\Local\Programs\Python\Python39\;C:\Users\91973\AppData\Local\Microsoft\WindowsApps\;C:\Program Files (x86)\Common Files\Oracle\Java\javapath;C:\Windows\system32;C:\Windows;C:\Windows\System32\Wbem;C:\Windows\System32\WindowsPowerShell\v1.0\;C:\Windows\System32\OpenSSH\;D:\Study\javaselenium\binary;C:\Program Files\Git\cmd;C:\Program Files\Java\jdk1.8.0_271\\bin;C:\apache-maven-3.6.3\bin;C:\Python27\;C:\Python27\Scripts\;C:\Users\91973\AppData\Roaming\nvm;C:\Program Files\nodejs;C:\Users\91973\AppData\Local\Microsoft\WindowsApps;;D:\Installation\Microsoft VS Code\bin;C:\Users\91973\AppData\Roaming\npm;D:\Study\eclipse;
USERNAME=91973
OS=Windows_NT
PROCESSOR_IDENTIFIER=Intel64 Family 6 Model 142 Stepping 12, GenuineIntel



---------------  S Y S T E M  ---------------

OS: Windows 11 , 64 bit Build 22621 (10.0.22621.3527)
Hyper-V role detected

CPU:total 8 (initial active 8) (4 cores per cpu, 2 threads per core) family 6 model 142 stepping 12 microcode 0xde, cmov, cx8, fxsr, mmx, sse, sse2, sse3, ssse3, sse4.1, sse4.2, popcnt, avx, avx2, aes, clmul, erms, 3dnowpref, lzcnt, ht, tsc, tscinvbit, bmi1, bmi2, adx, fma

Memory: 4k page, system-wide physical 16157M (1771M free)
TotalPageFile size 31218M (AvailPageFile size 224M)
current process WorkingSet (physical memory assigned to process): 11M, peak: 11M
current process commit charge ("private bytes"): 60M, peak: 314M

vm_info: Java HotSpot(TM) 64-Bit Server VM (11.0.20+9-LTS-256) for windows-amd64 JRE (11.0.20+9-LTS-256), built on Jun 14 2023 10:34:22 by "mach5one" with MS VC++ 17.1 (VS2022)

END.
